FINAL FIXED DROUGHT TEMPORAL DIAGNOSTICS (v2.0)
======================================================================
Analysis started: 2026-02-12 10:10:08.344077 
======================================================================
[2026-02-12 10:10:08] [INFO] Starting FINAL FIXED drought temporal diagnostics (v2.0)... 
[2026-02-12 10:10:09] [INFO] Using 6 cores for parallel processing 
[2026-02-12 10:10:09] [INFO] Loading Nechako Basin boundary... 
[2026-02-12 10:10:09] [SUCCESS] Basin boundary already in BC Albers projection 
[2026-02-12 10:10:09] [INFO] Searching for monthly composite CSV files... 
[2026-02-12 10:10:09] [INFO] Reconstructing SPI-01 from spi_results_seasonal 
[2026-02-12 10:10:10] [INFO] Processing SPI-01 (2022 pixels, 912 months)... 
[2026-02-12 10:10:10] [INFO]   Running annual VC trend analysis... 
[2026-02-12 10:10:44] [INFO]   Running annual TFPW trend analysis... 
[2026-02-12 10:11:08] [INFO]   Running annual Wald-Wolfowitz Runs Test... 
[2026-02-12 10:11:10] [INFO]   Calculating drought event metrics... 
[2026-02-12 10:11:11] [INFO]   Detecting regime shifts & return periods... 
[2026-02-12 10:11:44] [INFO]   Creating spatial rasters and maps... 
[2026-02-12 10:11:44] [INFO]   Creating runs test map... 
[2026-02-12 10:11:44] [INFO] Points reprojected from WGS84 to PROJCRS["NAD83 / BC Albers",
    BASEGEOGCRS["NAD83",
        DATUM["North American Datum 1983",
            ELLIPSOID["GRS 1980",6378137,298.257222101,
                LENGTHUNIT["metre",1]]],
        PRIMEM["Greenwich",0,
            ANGLEUNIT["degree",0.0174532925199433]],
        ID["EPSG",4269]],
    CONVERSION["British Columbia Albers",
        METHOD["Albers Equal Area",
            ID["EPSG",9822]],
        PARAMETER["Latitude of false origin",45,
            ANGLEUNIT["degree",0.0174532925199433],
            ID["EPSG",8821]],
        PARAMETER["Longitude of false origin",-126,
            ANGLEUNIT["degree",0.0174532925199433],
            ID["EPSG",8822]],
        PARAMETER["Latitude of 1st standard parallel",50,
            ANGLEUNIT["degree",0.0174532925199433],
            ID["EPSG",8823]],
        PARAMETER["Latitude of 2nd standard parallel",58.5,
            ANGLEUNIT["degree",0.0174532925199433],
            ID["EPSG",8824]],
        PARAMETER["Easting at false origin",1000000,
            LENGTHUNIT["metre",1],
            ID["EPSG",8826]],
        PARAMETER["Northing at false origin",0,
            LENGTHUNIT["metre",1],
            ID["EPSG",8827]]],
    CS[Cartesian,2],
        AXIS["(E)",east,
            ORDER[1],
            LENGTHUNIT["metre",1]],
        AXIS["(N)",north,
            ORDER[2],
            LENGTHUNIT["metre",1]],
    USAGE[
        SCOPE["Province-wide spatial data management."],
        AREA["Canada - British Columbia."],
        BBOX[48.25,-139.04,60.01,-114.08]],
    ID["EPSG",3005]] 
[2026-02-12 10:11:44] [WARNING] IDW failed (arguments imply differing number of rows: 0, 117), using nearest neighbor rasterization 
