OPTIMIZED DROUGHT TEMPORAL DIAGNOSTICS (v3.2+)
======================================================================
Analysis started: 2026-02-12 16:17:18.553549 
======================================================================
[2026-02-12 16:17:18] [INFO] Starting drought temporal diagnostics (v3.2+)... 
[2026-02-12 16:17:19] [INFO] Base parallel configuration: 6 cores 
[2026-02-12 16:17:19] [INFO] Loading Nechako Basin boundary... 
[2026-02-12 16:17:19] [SUCCESS] Basin boundary already in BC Albers projection 
[2026-02-12 16:17:19] [INFO] Searching for monthly composite CSV files... 
[2026-02-12 16:17:19] [INFO] Reconstructing SPI-01 from spi_results_seasonal 
[2026-02-12 16:17:20] [INFO] Filtering to basin pixels with sufficient valid observations... 
[2026-02-12 16:17:20] [SUCCESS] Pixel reduction: 2022 → 864 pixels (57.3% reduction) 
[2026-02-12 16:17:20] [INFO] Processing SPI-01 (864 basin pixels, 912 months)... 
[2026-02-12 16:17:20] [INFO]   Running annual VC trend analysis... 
[2026-02-12 16:17:42] [INFO]   Running annual TFPW trend analysis... 
[2026-02-12 16:17:58] [INFO]   Running annual Wald-Wolfowitz Runs Test... 
[2026-02-12 16:17:59] [INFO]   Calculating drought event metrics... 
[2026-02-12 16:18:00] [INFO]   Detecting regime shifts & return periods... 
[2026-02-12 16:18:03] [INFO]   Creating spatial rasters and maps... 
[2026-02-12 16:18:03] [INFO]    • Creating runs test map... 
[2026-02-12 16:18:03] [SUCCESS] Raster created: 4285 valid cells (42.9% coverage) 
[2026-02-12 16:18:03] [INFO] TIF validation: 42.9% valid cells in spi_01_annual_runs_significance.tif 
[2026-02-12 16:18:04] [SUCCESS] Created categorical PDF map: spi_01_annual_runs_significance.pdf 
[2026-02-12 16:18:04] [INFO] Creating categorical map: 4285 valid cells 
[2026-02-12 16:18:05] [SUCCESS] Created categorical legend map: spi_01_runs_test_map.png 
[2026-02-12 16:18:05] [INFO]    • Creating VC trends map... 
[2026-02-12 16:18:05] [WARNING]    • No significant VC trends - skipping map 
[2026-02-12 16:18:05] [INFO]    • Creating TFPW trends map... 
[2026-02-12 16:18:05] [WARNING]    • No significant TFPW trends - skipping map 
[2026-02-12 16:18:05] [INFO]    • Creating drought frequency map... 
[2026-02-12 16:18:06] [SUCCESS] Raster created: 4285 valid cells (42.9% coverage) 
[2026-02-12 16:18:06] [INFO] TIF validation: 42.9% valid cells in spi_01_drought_frequency_per_decade.tif 
[2026-02-12 16:18:07] [SUCCESS] Created PDF map: spi_01_drought_frequency_per_decade.pdf 
[2026-02-12 16:18:07] [INFO] Creating map: 4285 valid cells, range [4.955, 8.414] 
[2026-02-12 16:18:08] [SUCCESS] Created continuous legend map: spi_01_drought_frequency_map.png 
[2026-02-12 16:18:08] [SUCCESS]    Completed SPI-01 (1/12)
   Basin pixels: 864
   Elapsed: 0.8 min
   Remaining: 9.0 min 
[2026-02-12 16:18:08] [INFO] Reconstructing SPI-03 from spi_results_seasonal 
[2026-02-12 16:18:08] [INFO] Filtering to basin pixels with sufficient valid observations... 
[2026-02-12 16:18:08] [SUCCESS] Pixel reduction: 2022 → 864 pixels (57.3% reduction) 
[2026-02-12 16:18:08] [INFO] Processing SPI-03 (864 basin pixels, 912 months)... 
[2026-02-12 16:18:08] [INFO]   Running annual VC trend analysis... 
[2026-02-12 16:18:28] [INFO]   Running annual TFPW trend analysis... 
[2026-02-12 16:18:47] [INFO]   Running annual Wald-Wolfowitz Runs Test... 
[2026-02-12 16:18:48] [INFO]   Calculating drought event metrics... 
[2026-02-12 16:18:48] [INFO]   Detecting regime shifts & return periods... 
[2026-02-12 16:18:51] [INFO]   Creating spatial rasters and maps... 
[2026-02-12 16:18:51] [INFO]    • Creating runs test map... 
[2026-02-12 16:18:52] [SUCCESS] Raster created: 4285 valid cells (42.9% coverage) 
[2026-02-12 16:18:52] [INFO] TIF validation: 42.9% valid cells in spi_03_annual_runs_significance.tif 
[2026-02-12 16:18:52] [SUCCESS] Created categorical PDF map: spi_03_annual_runs_significance.pdf 
[2026-02-12 16:18:52] [INFO] Creating categorical map: 4285 valid cells 
[2026-02-12 16:18:52] [SUCCESS] Created categorical legend map: spi_03_runs_test_map.png 
[2026-02-12 16:18:52] [INFO]    • Creating VC trends map... 
[2026-02-12 16:18:52] [WARNING]    • No significant VC trends - skipping map 
[2026-02-12 16:18:52] [INFO]    • Creating TFPW trends map... 
[2026-02-12 16:18:53] [SUCCESS] Raster created: 4285 valid cells (42.9% coverage) 
[2026-02-12 16:18:53] [INFO] TIF validation: 42.9% valid cells in spi_03_annual_tfpw_significance.tif 
[2026-02-12 16:18:53] [SUCCESS] Created categorical PDF map: spi_03_annual_tfpw_significance.pdf 
[2026-02-12 16:18:54] [INFO] Creating categorical map: 4285 valid cells 
[2026-02-12 16:18:54] [SUCCESS] Created categorical legend map: spi_03_tfpw_trends_map.png 
[2026-02-12 16:18:55] [INFO]    • Creating drought frequency map... 
[2026-02-12 16:18:55] [SUCCESS] Raster created: 4285 valid cells (42.9% coverage) 
[2026-02-12 16:18:55] [INFO] TIF validation: 42.9% valid cells in spi_03_drought_frequency_per_decade.tif 
[2026-02-12 16:18:56] [SUCCESS] Created PDF map: spi_03_drought_frequency_per_decade.pdf 
[2026-02-12 16:18:56] [INFO] Creating map: 4285 valid cells, range [6.225, 8.996] 
[2026-02-12 16:18:57] [SUCCESS] Created continuous legend map: spi_03_drought_frequency_map.png 
[2026-02-12 16:18:57] [SUCCESS]    Completed SPI-03 (2/12)
   Basin pixels: 864
   Elapsed: 1.6 min
   Remaining: 8.1 min 
[2026-02-12 16:18:57] [INFO] Reconstructing SPI-06 from spi_results_seasonal 
[2026-02-12 16:18:57] [INFO] Filtering to basin pixels with sufficient valid observations... 
[2026-02-12 16:18:57] [SUCCESS] Pixel reduction: 2022 → 864 pixels (57.3% reduction) 
[2026-02-12 16:18:57] [INFO] Processing SPI-06 (864 basin pixels, 912 months)... 
[2026-02-12 16:18:57] [INFO]   Running annual VC trend analysis... 
[2026-02-12 16:19:16] [INFO]   Running annual TFPW trend analysis... 
[2026-02-12 16:19:36] [INFO]   Running annual Wald-Wolfowitz Runs Test... 
[2026-02-12 16:19:36] [INFO]   Calculating drought event metrics... 
[2026-02-12 16:19:37] [INFO]   Detecting regime shifts & return periods... 
[2026-02-12 16:19:55] [INFO]   Creating spatial rasters and maps... 
[2026-02-12 16:19:55] [INFO]    • Creating runs test map... 
[2026-02-12 16:19:55] [SUCCESS] Raster created: 4285 valid cells (42.9% coverage) 
[2026-02-12 16:19:55] [INFO] TIF validation: 42.9% valid cells in spi_06_annual_runs_significance.tif 
[2026-02-12 16:19:55] [SUCCESS] Created categorical PDF map: spi_06_annual_runs_significance.pdf 
[2026-02-12 16:19:55] [INFO] Creating categorical map: 4285 valid cells 
[2026-02-12 16:19:56] [SUCCESS] Created categorical legend map: spi_06_runs_test_map.png 
[2026-02-12 16:19:56] [INFO]    • Creating VC trends map... 
[2026-02-12 16:19:56] [WARNING]    • No significant VC trends - skipping map 
[2026-02-12 16:19:56] [INFO]    • Creating TFPW trends map... 
[2026-02-12 16:19:57] [SUCCESS] Raster created: 4285 valid cells (42.9% coverage) 
[2026-02-12 16:19:57] [INFO] TIF validation: 42.9% valid cells in spi_06_annual_tfpw_significance.tif 
[2026-02-12 16:19:57] [SUCCESS] Created categorical PDF map: spi_06_annual_tfpw_significance.pdf 
[2026-02-12 16:19:57] [INFO] Creating categorical map: 4285 valid cells 
[2026-02-12 16:19:58] [SUCCESS] Created categorical legend map: spi_06_tfpw_trends_map.png 
[2026-02-12 16:19:58] [INFO]    • Creating drought frequency map... 
[2026-02-12 16:19:58] [SUCCESS] Raster created: 4285 valid cells (42.9% coverage) 
[2026-02-12 16:19:58] [INFO] TIF validation: 42.9% valid cells in spi_06_drought_frequency_per_decade.tif 
[2026-02-12 16:19:59] [SUCCESS] Created PDF map: spi_06_drought_frequency_per_decade.pdf 
[2026-02-12 16:19:59] [INFO] Creating map: 4285 valid cells, range [4.489, 6.992] 
[2026-02-12 16:20:00] [SUCCESS] Created continuous legend map: spi_06_drought_frequency_map.png 
[2026-02-12 16:20:00] [SUCCESS]    Completed SPI-06 (3/12)
   Basin pixels: 864
   Elapsed: 2.7 min
   Remaining: 8.0 min 
[2026-02-12 16:20:00] [INFO] Reconstructing SPI-09 from spi_results_seasonal 
[2026-02-12 16:20:00] [INFO] Filtering to basin pixels with sufficient valid observations... 
[2026-02-12 16:20:00] [SUCCESS] Pixel reduction: 2022 → 864 pixels (57.3% reduction) 
[2026-02-12 16:20:00] [INFO] Processing SPI-09 (864 basin pixels, 912 months)... 
[2026-02-12 16:20:00] [INFO]   Running annual VC trend analysis... 
[2026-02-12 16:20:17] [INFO]   Running annual TFPW trend analysis... 
[2026-02-12 16:20:35] [INFO]   Running annual Wald-Wolfowitz Runs Test... 
[2026-02-12 16:20:35] [INFO]   Calculating drought event metrics... 
[2026-02-12 16:20:36] [INFO]   Detecting regime shifts & return periods... 
[2026-02-12 16:20:56] [INFO]   Creating spatial rasters and maps... 
[2026-02-12 16:20:56] [INFO]    • Creating runs test map... 
[2026-02-12 16:20:57] [SUCCESS] Raster created: 4285 valid cells (42.9% coverage) 
[2026-02-12 16:20:57] [INFO] TIF validation: 42.9% valid cells in spi_09_annual_runs_significance.tif 
[2026-02-12 16:20:57] [SUCCESS] Created categorical PDF map: spi_09_annual_runs_significance.pdf 
[2026-02-12 16:20:57] [INFO] Creating categorical map: 4285 valid cells 
[2026-02-12 16:20:58] [SUCCESS] Created categorical legend map: spi_09_runs_test_map.png 
[2026-02-12 16:20:58] [INFO]    • Creating VC trends map... 
[2026-02-12 16:20:58] [WARNING]    • No significant VC trends - skipping map 
[2026-02-12 16:20:58] [INFO]    • Creating TFPW trends map... 
[2026-02-12 16:20:59] [SUCCESS] Raster created: 4285 valid cells (42.9% coverage) 
[2026-02-12 16:20:59] [INFO] TIF validation: 42.9% valid cells in spi_09_annual_tfpw_significance.tif 
[2026-02-12 16:20:59] [SUCCESS] Created categorical PDF map: spi_09_annual_tfpw_significance.pdf 
[2026-02-12 16:20:59] [INFO] Creating categorical map: 4285 valid cells 
[2026-02-12 16:21:00] [SUCCESS] Created categorical legend map: spi_09_tfpw_trends_map.png 
[2026-02-12 16:21:00] [INFO]    • Creating drought frequency map... 
[2026-02-12 16:21:01] [SUCCESS] Raster created: 4285 valid cells (42.9% coverage) 
[2026-02-12 16:21:01] [INFO] TIF validation: 42.9% valid cells in spi_09_drought_frequency_per_decade.tif 
[2026-02-12 16:21:01] [SUCCESS] Created PDF map: spi_09_drought_frequency_per_decade.pdf 
[2026-02-12 16:21:01] [INFO] Creating map: 4285 valid cells, range [3.234, 5.912] 
[2026-02-12 16:21:03] [SUCCESS] Created continuous legend map: spi_09_drought_frequency_map.png 
[2026-02-12 16:21:03] [SUCCESS]    Completed SPI-09 (4/12)
   Basin pixels: 864
   Elapsed: 3.7 min
   Remaining: 7.5 min 
[2026-02-12 16:21:03] [INFO] Reconstructing SPI-12 from spi_results_seasonal 
[2026-02-12 16:21:03] [INFO] Filtering to basin pixels with sufficient valid observations... 
[2026-02-12 16:21:03] [SUCCESS] Pixel reduction: 2022 → 864 pixels (57.3% reduction) 
[2026-02-12 16:21:03] [INFO] Processing SPI-12 (864 basin pixels, 912 months)... 
[2026-02-12 16:21:03] [INFO]   Running annual VC trend analysis... 
[2026-02-12 16:21:26] [INFO]   Running annual TFPW trend analysis... 
[2026-02-12 16:21:46] [INFO]   Running annual Wald-Wolfowitz Runs Test... 
[2026-02-12 16:21:47] [INFO]   Calculating drought event metrics... 
[2026-02-12 16:21:48] [INFO]   Detecting regime shifts & return periods... 
[2026-02-12 16:22:09] [INFO]   Creating spatial rasters and maps... 
[2026-02-12 16:22:09] [INFO]    • Creating runs test map... 
[2026-02-12 16:22:09] [SUCCESS] Raster created: 4285 valid cells (42.9% coverage) 
[2026-02-12 16:22:09] [INFO] TIF validation: 42.9% valid cells in spi_12_annual_runs_significance.tif 
[2026-02-12 16:22:09] [SUCCESS] Created categorical PDF map: spi_12_annual_runs_significance.pdf 
[2026-02-12 16:22:09] [INFO] Creating categorical map: 4285 valid cells 
[2026-02-12 16:22:10] [SUCCESS] Created categorical legend map: spi_12_runs_test_map.png 
[2026-02-12 16:22:10] [INFO]    • Creating VC trends map... 
[2026-02-12 16:22:10] [WARNING]    • No significant VC trends - skipping map 
[2026-02-12 16:22:10] [INFO]    • Creating TFPW trends map... 
[2026-02-12 16:22:11] [SUCCESS] Raster created: 4285 valid cells (42.9% coverage) 
[2026-02-12 16:22:11] [INFO] TIF validation: 42.9% valid cells in spi_12_annual_tfpw_significance.tif 
[2026-02-12 16:22:11] [SUCCESS] Created categorical PDF map: spi_12_annual_tfpw_significance.pdf 
[2026-02-12 16:22:11] [INFO] Creating categorical map: 4285 valid cells 
[2026-02-12 16:22:12] [SUCCESS] Created categorical legend map: spi_12_tfpw_trends_map.png 
[2026-02-12 16:22:12] [INFO]    • Creating drought frequency map... 
[2026-02-12 16:22:13] [SUCCESS] Raster created: 4285 valid cells (42.9% coverage) 
[2026-02-12 16:22:13] [INFO] TIF validation: 42.9% valid cells in spi_12_drought_frequency_per_decade.tif 
[2026-02-12 16:22:13] [SUCCESS] Created PDF map: spi_12_drought_frequency_per_decade.pdf 
[2026-02-12 16:22:13] [INFO] Creating map: 4285 valid cells, range [3.042, 5.106] 
[2026-02-12 16:22:14] [SUCCESS] Created continuous legend map: spi_12_drought_frequency_map.png 
[2026-02-12 16:22:14] [SUCCESS]    Completed SPI-12 (5/12)
   Basin pixels: 864
   Elapsed: 4.9 min
   Remaining: 6.9 min 
[2026-02-12 16:22:14] [INFO] Reconstructing SPI-24 from spi_results_seasonal 
[2026-02-12 16:22:15] [INFO] Filtering to basin pixels with sufficient valid observations... 
[2026-02-12 16:22:15] [SUCCESS] Pixel reduction: 2022 → 864 pixels (57.3% reduction) 
[2026-02-12 16:22:15] [INFO] Processing SPI-24 (864 basin pixels, 912 months)... 
[2026-02-12 16:22:15] [INFO]   Running annual VC trend analysis... 
[2026-02-12 16:22:31] [INFO]   Running annual TFPW trend analysis... 
[2026-02-12 16:22:47] [INFO]   Running annual Wald-Wolfowitz Runs Test... 
[2026-02-12 16:22:48] [INFO]   Calculating drought event metrics... 
[2026-02-12 16:22:48] [INFO]   Detecting regime shifts & return periods... 
[2026-02-12 16:23:08] [INFO]   Creating spatial rasters and maps... 
[2026-02-12 16:23:08] [INFO]    • Creating runs test map... 
[2026-02-12 16:23:09] [SUCCESS] Raster created: 4285 valid cells (42.9% coverage) 
[2026-02-12 16:23:09] [INFO] TIF validation: 42.9% valid cells in spi_24_annual_runs_significance.tif 
[2026-02-12 16:23:09] [SUCCESS] Created categorical PDF map: spi_24_annual_runs_significance.pdf 
[2026-02-12 16:23:09] [INFO] Creating categorical map: 4285 valid cells 
[2026-02-12 16:23:10] [SUCCESS] Created categorical legend map: spi_24_runs_test_map.png 
[2026-02-12 16:23:10] [INFO]    • Creating VC trends map... 
[2026-02-12 16:23:10] [WARNING]    • No significant VC trends - skipping map 
[2026-02-12 16:23:10] [INFO]    • Creating TFPW trends map... 
[2026-02-12 16:23:11] [SUCCESS] Raster created: 4285 valid cells (42.9% coverage) 
[2026-02-12 16:23:11] [INFO] TIF validation: 42.9% valid cells in spi_24_annual_tfpw_significance.tif 
[2026-02-12 16:23:11] [SUCCESS] Created categorical PDF map: spi_24_annual_tfpw_significance.pdf 
[2026-02-12 16:23:11] [INFO] Creating categorical map: 4285 valid cells 
[2026-02-12 16:23:12] [SUCCESS] Created categorical legend map: spi_24_tfpw_trends_map.png 
[2026-02-12 16:23:12] [INFO]    • Creating drought frequency map... 
[2026-02-12 16:23:12] [SUCCESS] Raster created: 4285 valid cells (42.9% coverage) 
[2026-02-12 16:23:12] [INFO] TIF validation: 42.9% valid cells in spi_24_drought_frequency_per_decade.tif 
[2026-02-12 16:23:13] [SUCCESS] Created PDF map: spi_24_drought_frequency_per_decade.pdf 
[2026-02-12 16:23:13] [INFO] Creating map: 4285 valid cells, range [1.768, 4.602] 
[2026-02-12 16:23:14] [SUCCESS] Created continuous legend map: spi_24_drought_frequency_map.png 
[2026-02-12 16:23:14] [SUCCESS]    Completed SPI-24 (6/12)
   Basin pixels: 864
   Elapsed: 5.9 min
   Remaining: 5.9 min 
[2026-02-12 16:23:14] [INFO] Reconstructing SPEI-01 from spei_results_seasonal 
[2026-02-12 16:23:14] [INFO] Filtering to basin pixels with sufficient valid observations... 
[2026-02-12 16:23:14] [SUCCESS] Pixel reduction: 2022 → 864 pixels (57.3% reduction) 
[2026-02-12 16:23:14] [INFO] Processing SPEI-01 (864 basin pixels, 912 months)... 
[2026-02-12 16:23:14] [INFO]   Running annual VC trend analysis... 
[2026-02-12 16:23:15] [INFO]   Running annual TFPW trend analysis... 
[2026-02-12 16:23:15] [INFO]   Running annual Wald-Wolfowitz Runs Test... 
[2026-02-12 16:23:16] [INFO]   Calculating drought event metrics... 
[2026-02-12 16:23:17] [INFO]   Detecting regime shifts & return periods... 
[2026-02-12 16:23:18] [INFO]   Creating spatial rasters and maps... 
[2026-02-12 16:23:18] [INFO]    • Creating runs test map... 
[2026-02-12 16:23:18] [SUCCESS] Raster created: 4285 valid cells (42.9% coverage) 
[2026-02-12 16:23:18] [INFO] TIF validation: 42.9% valid cells in spei_01_annual_runs_significance.tif 
[2026-02-12 16:23:18] [SUCCESS] Created categorical PDF map: spei_01_annual_runs_significance.pdf 
[2026-02-12 16:23:18] [INFO] Creating categorical map: 4285 valid cells 
[2026-02-12 16:23:19] [SUCCESS] Created categorical legend map: spei_01_runs_test_map.png 
[2026-02-12 16:23:19] [INFO]    • Creating VC trends map... 
[2026-02-12 16:23:19] [WARNING]    • No significant VC trends - skipping map 
[2026-02-12 16:23:19] [INFO]    • Creating TFPW trends map... 
[2026-02-12 16:23:19] [WARNING]    • No significant TFPW trends - skipping map 
[2026-02-12 16:23:19] [INFO]    • Creating drought frequency map... 
[2026-02-12 16:23:20] [SUCCESS] Raster created: 4285 valid cells (42.9% coverage) 
[2026-02-12 16:23:20] [INFO] TIF validation: 42.9% valid cells in spei_01_drought_frequency_per_decade.tif 
[2026-02-12 16:23:20] [SUCCESS] Created PDF map: spei_01_drought_frequency_per_decade.pdf 
[2026-02-12 16:23:20] [INFO] Creating map: 4285 valid cells, range [6.450, 9.388] 
[2026-02-12 16:23:21] [SUCCESS] Created continuous legend map: spei_01_drought_frequency_map.png 
[2026-02-12 16:23:21] [SUCCESS]    Completed SPEI-01 (7/12)
   Basin pixels: 864
   Elapsed: 6.0 min
   Remaining: 4.3 min 
[2026-02-12 16:23:21] [INFO] Reconstructing SPEI-03 from spei_results_seasonal 
[2026-02-12 16:23:22] [INFO] Filtering to basin pixels with sufficient valid observations... 
[2026-02-12 16:23:22] [SUCCESS] Pixel reduction: 2022 → 864 pixels (57.3% reduction) 
[2026-02-12 16:23:22] [INFO] Processing SPEI-03 (864 basin pixels, 912 months)... 
[2026-02-12 16:23:22] [INFO]   Running annual VC trend analysis... 
[2026-02-12 16:23:23] [INFO]   Running annual TFPW trend analysis... 
[2026-02-12 16:23:23] [INFO]   Running annual Wald-Wolfowitz Runs Test... 
[2026-02-12 16:23:24] [INFO]   Calculating drought event metrics... 
[2026-02-12 16:23:25] [INFO]   Detecting regime shifts & return periods... 
[2026-02-12 16:23:41] [INFO]   Creating spatial rasters and maps... 
[2026-02-12 16:23:41] [INFO]    • Creating runs test map... 
[2026-02-12 16:23:42] [SUCCESS] Raster created: 4285 valid cells (42.9% coverage) 
[2026-02-12 16:23:42] [INFO] TIF validation: 42.9% valid cells in spei_03_annual_runs_significance.tif 
[2026-02-12 16:23:42] [SUCCESS] Created categorical PDF map: spei_03_annual_runs_significance.pdf 
[2026-02-12 16:23:42] [INFO] Creating categorical map: 4285 valid cells 
[2026-02-12 16:23:43] [SUCCESS] Created categorical legend map: spei_03_runs_test_map.png 
[2026-02-12 16:23:43] [INFO]    • Creating VC trends map... 
[2026-02-12 16:23:43] [WARNING]    • No significant VC trends - skipping map 
[2026-02-12 16:23:43] [INFO]    • Creating TFPW trends map... 
[2026-02-12 16:23:43] [WARNING]    • No significant TFPW trends - skipping map 
[2026-02-12 16:23:43] [INFO]    • Creating drought frequency map... 
[2026-02-12 16:23:44] [SUCCESS] Raster created: 4285 valid cells (42.9% coverage) 
[2026-02-12 16:23:44] [INFO] TIF validation: 42.9% valid cells in spei_03_drought_frequency_per_decade.tif 
[2026-02-12 16:23:44] [SUCCESS] Created PDF map: spei_03_drought_frequency_per_decade.pdf 
[2026-02-12 16:23:44] [INFO] Creating map: 4285 valid cells, range [6.617, 8.549] 
[2026-02-12 16:23:45] [SUCCESS] Created continuous legend map: spei_03_drought_frequency_map.png 
[2026-02-12 16:23:45] [SUCCESS]    Completed SPEI-03 (8/12)
   Basin pixels: 864
   Elapsed: 6.4 min
   Remaining: 3.2 min 
[2026-02-12 16:23:45] [INFO] Reconstructing SPEI-06 from spei_results_seasonal 
[2026-02-12 16:23:45] [INFO] Filtering to basin pixels with sufficient valid observations... 
[2026-02-12 16:23:45] [SUCCESS] Pixel reduction: 2022 → 864 pixels (57.3% reduction) 
[2026-02-12 16:23:45] [INFO] Processing SPEI-06 (864 basin pixels, 912 months)... 
[2026-02-12 16:23:45] [INFO]   Running annual VC trend analysis... 
[2026-02-12 16:23:46] [INFO]   Running annual TFPW trend analysis... 
[2026-02-12 16:23:47] [INFO]   Running annual Wald-Wolfowitz Runs Test... 
[2026-02-12 16:23:48] [INFO]   Calculating drought event metrics... 
[2026-02-12 16:23:49] [INFO]   Detecting regime shifts & return periods... 
[2026-02-12 16:24:08] [INFO]   Creating spatial rasters and maps... 
[2026-02-12 16:24:08] [INFO]    • Creating runs test map... 
[2026-02-12 16:24:09] [SUCCESS] Raster created: 4285 valid cells (42.9% coverage) 
[2026-02-12 16:24:09] [INFO] TIF validation: 42.9% valid cells in spei_06_annual_runs_significance.tif 
[2026-02-12 16:24:09] [SUCCESS] Created categorical PDF map: spei_06_annual_runs_significance.pdf 
[2026-02-12 16:24:09] [INFO] Creating categorical map: 4285 valid cells 
[2026-02-12 16:24:10] [SUCCESS] Created categorical legend map: spei_06_runs_test_map.png 
[2026-02-12 16:24:10] [INFO]    • Creating VC trends map... 
[2026-02-12 16:24:10] [WARNING]    • No significant VC trends - skipping map 
[2026-02-12 16:24:10] [INFO]    • Creating TFPW trends map... 
[2026-02-12 16:24:10] [WARNING]    • No significant TFPW trends - skipping map 
[2026-02-12 16:24:10] [INFO]    • Creating drought frequency map... 
[2026-02-12 16:24:11] [SUCCESS] Raster created: 4285 valid cells (42.9% coverage) 
[2026-02-12 16:24:11] [INFO] TIF validation: 42.9% valid cells in spei_06_drought_frequency_per_decade.tif 
[2026-02-12 16:24:11] [SUCCESS] Created PDF map: spei_06_drought_frequency_per_decade.pdf 
[2026-02-12 16:24:11] [INFO] Creating map: 4285 valid cells, range [5.185, 6.904] 
[2026-02-12 16:24:12] [SUCCESS] Created continuous legend map: spei_06_drought_frequency_map.png 
[2026-02-12 16:24:12] [SUCCESS]    Completed SPEI-06 (9/12)
   Basin pixels: 864
   Elapsed: 6.9 min
   Remaining: 2.3 min 
[2026-02-12 16:24:12] [INFO] Reconstructing SPEI-09 from spei_results_seasonal 
[2026-02-12 16:24:12] [INFO] Filtering to basin pixels with sufficient valid observations... 
[2026-02-12 16:24:12] [SUCCESS] Pixel reduction: 2022 → 864 pixels (57.3% reduction) 
[2026-02-12 16:24:12] [INFO] Processing SPEI-09 (864 basin pixels, 912 months)... 
[2026-02-12 16:24:12] [INFO]   Running annual VC trend analysis... 
[2026-02-12 16:24:13] [INFO]   Running annual TFPW trend analysis... 
[2026-02-12 16:24:14] [INFO]   Running annual Wald-Wolfowitz Runs Test... 
[2026-02-12 16:24:15] [INFO]   Calculating drought event metrics... 
[2026-02-12 16:24:16] [INFO]   Detecting regime shifts & return periods... 
[2026-02-12 16:24:40] [INFO]   Creating spatial rasters and maps... 
[2026-02-12 16:24:40] [INFO]    • Creating runs test map... 
[2026-02-12 16:24:40] [SUCCESS] Raster created: 4285 valid cells (42.9% coverage) 
[2026-02-12 16:24:40] [INFO] TIF validation: 42.9% valid cells in spei_09_annual_runs_significance.tif 
[2026-02-12 16:24:40] [SUCCESS] Created categorical PDF map: spei_09_annual_runs_significance.pdf 
[2026-02-12 16:24:41] [INFO] Creating categorical map: 4285 valid cells 
[2026-02-12 16:24:42] [SUCCESS] Created categorical legend map: spei_09_runs_test_map.png 
[2026-02-12 16:24:42] [INFO]    • Creating VC trends map... 
[2026-02-12 16:24:42] [WARNING]    • No significant VC trends - skipping map 
[2026-02-12 16:24:42] [INFO]    • Creating TFPW trends map... 
[2026-02-12 16:24:42] [WARNING]    • No significant TFPW trends - skipping map 
[2026-02-12 16:24:42] [INFO]    • Creating drought frequency map... 
[2026-02-12 16:24:42] [SUCCESS] Raster created: 4285 valid cells (42.9% coverage) 
[2026-02-12 16:24:42] [INFO] TIF validation: 42.9% valid cells in spei_09_drought_frequency_per_decade.tif 
[2026-02-12 16:24:43] [SUCCESS] Created PDF map: spei_09_drought_frequency_per_decade.pdf 
[2026-02-12 16:24:43] [INFO] Creating map: 4285 valid cells, range [3.057, 5.184] 
[2026-02-12 16:24:44] [SUCCESS] Created continuous legend map: spei_09_drought_frequency_map.png 
[2026-02-12 16:24:44] [SUCCESS]    Completed SPEI-09 (10/12)
   Basin pixels: 864
   Elapsed: 7.4 min
   Remaining: 1.5 min 
[2026-02-12 16:24:44] [INFO] Reconstructing SPEI-12 from spei_results_seasonal 
[2026-02-12 16:24:44] [INFO] Filtering to basin pixels with sufficient valid observations... 
[2026-02-12 16:24:44] [SUCCESS] Pixel reduction: 2022 → 864 pixels (57.3% reduction) 
[2026-02-12 16:24:44] [INFO] Processing SPEI-12 (864 basin pixels, 912 months)... 
[2026-02-12 16:24:44] [INFO]   Running annual VC trend analysis... 
[2026-02-12 16:24:45] [INFO]   Running annual TFPW trend analysis... 
[2026-02-12 16:24:46] [INFO]   Running annual Wald-Wolfowitz Runs Test... 
[2026-02-12 16:24:47] [INFO]   Calculating drought event metrics... 
[2026-02-12 16:24:47] [INFO]   Detecting regime shifts & return periods... 
[2026-02-12 16:25:12] [INFO]   Creating spatial rasters and maps... 
[2026-02-12 16:25:12] [INFO]    • Creating runs test map... 
[2026-02-12 16:25:12] [SUCCESS] Raster created: 4285 valid cells (42.9% coverage) 
[2026-02-12 16:25:12] [INFO] TIF validation: 42.9% valid cells in spei_12_annual_runs_significance.tif 
[2026-02-12 16:25:12] [SUCCESS] Created categorical PDF map: spei_12_annual_runs_significance.pdf 
[2026-02-12 16:25:12] [INFO] Creating categorical map: 4285 valid cells 
[2026-02-12 16:25:13] [SUCCESS] Created categorical legend map: spei_12_runs_test_map.png 
[2026-02-12 16:25:13] [INFO]    • Creating VC trends map... 
[2026-02-12 16:25:13] [WARNING]    • No significant VC trends - skipping map 
[2026-02-12 16:25:13] [INFO]    • Creating TFPW trends map... 
[2026-02-12 16:25:13] [WARNING]    • No significant TFPW trends - skipping map 
[2026-02-12 16:25:13] [INFO]    • Creating drought frequency map... 
[2026-02-12 16:25:14] [SUCCESS] Raster created: 4285 valid cells (42.9% coverage) 
[2026-02-12 16:25:14] [INFO] TIF validation: 42.9% valid cells in spei_12_drought_frequency_per_decade.tif 
[2026-02-12 16:25:14] [SUCCESS] Created PDF map: spei_12_drought_frequency_per_decade.pdf 
[2026-02-12 16:25:14] [INFO] Creating map: 4285 valid cells, range [2.239, 3.649] 
[2026-02-12 16:25:15] [SUCCESS] Created continuous legend map: spei_12_drought_frequency_map.png 
[2026-02-12 16:25:16] [SUCCESS]    Completed SPEI-12 (11/12)
   Basin pixels: 864
   Elapsed: 7.9 min
   Remaining: 0.7 min 
[2026-02-12 16:25:16] [INFO] Reconstructing SPEI-24 from spei_results_seasonal 
[2026-02-12 16:25:16] [INFO] Filtering to basin pixels with sufficient valid observations... 
[2026-02-12 16:25:16] [SUCCESS] Pixel reduction: 2022 → 864 pixels (57.3% reduction) 
[2026-02-12 16:25:16] [INFO] Processing SPEI-24 (864 basin pixels, 912 months)... 
[2026-02-12 16:25:16] [INFO]   Running annual VC trend analysis... 
[2026-02-12 16:25:17] [INFO]   Running annual TFPW trend analysis... 
[2026-02-12 16:25:17] [INFO]   Running annual Wald-Wolfowitz Runs Test... 
[2026-02-12 16:25:18] [INFO]   Calculating drought event metrics... 
[2026-02-12 16:25:19] [INFO]   Detecting regime shifts & return periods... 
[2026-02-12 16:25:41] [INFO]   Creating spatial rasters and maps... 
[2026-02-12 16:25:41] [INFO]    • Creating runs test map... 
[2026-02-12 16:25:41] [SUCCESS] Raster created: 4285 valid cells (42.9% coverage) 
[2026-02-12 16:25:41] [INFO] TIF validation: 42.9% valid cells in spei_24_annual_runs_significance.tif 
[2026-02-12 16:25:41] [SUCCESS] Created categorical PDF map: spei_24_annual_runs_significance.pdf 
[2026-02-12 16:25:41] [INFO] Creating categorical map: 4285 valid cells 
[2026-02-12 16:25:42] [SUCCESS] Created categorical legend map: spei_24_runs_test_map.png 
[2026-02-12 16:25:42] [INFO]    • Creating VC trends map... 
[2026-02-12 16:25:42] [WARNING]    • No significant VC trends - skipping map 
[2026-02-12 16:25:42] [INFO]    • Creating TFPW trends map... 
[2026-02-12 16:25:42] [WARNING]    • No significant TFPW trends - skipping map 
[2026-02-12 16:25:42] [INFO]    • Creating drought frequency map... 
[2026-02-12 16:25:43] [SUCCESS] Raster created: 4285 valid cells (42.9% coverage) 
[2026-02-12 16:25:43] [INFO] TIF validation: 42.9% valid cells in spei_24_drought_frequency_per_decade.tif 
[2026-02-12 16:25:43] [SUCCESS] Created PDF map: spei_24_drought_frequency_per_decade.pdf 
[2026-02-12 16:25:43] [INFO] Creating map: 4285 valid cells, range [1.346, 3.212] 
[2026-02-12 16:25:44] [SUCCESS] Created continuous legend map: spei_24_drought_frequency_map.png 
[2026-02-12 16:25:44] [SUCCESS]    Completed SPEI-24 (12/12)
   Basin pixels: 864
   Elapsed: 8.4 min
   Remaining: 0.0 min 
[2026-02-12 16:25:44] [INFO] Ensuring PDF previews for all TIFs in temporal_spi_spei... 
[2026-02-12 16:25:44] [INFO] Saving consolidated results... 

=== OPTIMIZATION SUMMARY ===
Original pixels processed: 24264
Basin pixels processed: 10368
Spatial reduction: 57.3%
Total processing time: 8.4 minutes
Estimated time w/o opt: 19.7 minutes
Time saved: 11.3 minutes (57.3% reduction)

=== ANALYSIS RESULTS ===
Total basin pixels analyzed: 10368
VC significant trends: 0 (0.0%)
TFPW significant trends: 3000 (28.9%)
Significant runs patterns: 9516 (91.8%)
========================

[2026-02-12 16:25:45] [SUCCESS] SUCCESS! 57.3% spatial reduction achieved 
[2026-02-12 16:25:45] [SUCCESS] Total runtime: 8.4 minutes (saved 11.3 minutes vs non-optimized) 
[2026-02-12 16:25:45] [SUCCESS] Analysis completed successfully 

✅ ANALYSIS COMPLETE - All TIFs and PDF siblings in temporal_spi_spei; PNGs in maps_with_legends only!
