Monthly PET Processing Log (Vectorized)
Processing started: 2026-02-18 19:23:14.762775 
2026-02-18 19:23:14 | Loading ERA5-Land data files...
2026-02-18 19:23:17 | Successfully loaded all inputs.
2026-02-18 19:23:17 | Average basin elevation: 1052.2 m
2026-02-18 19:23:17 | Processing time information...
2026-02-18 19:23:17 |   Trying ncdf4 for Temperature...
2026-02-18 19:23:17 |   Reconstructing time for Temperature (912 layers)...
2026-02-18 19:23:17 |     Assuming 1950-01 to 2025-12
2026-02-18 19:23:17 |   ✓ Time sequence reconstructed
2026-02-18 19:23:17 | Processing 912 time steps.
2026-02-18 19:23:17 | Time range: 1950-01-01 to 2025-12-01
2026-02-18 19:23:17 | Calculating days in each month for SSRD conversion...
2026-02-18 19:23:17 | Days in month range: 28 to 31
2026-02-18 19:23:17 | January days: 31, July days: 31
2026-02-18 19:23:17 | Calculating Ra (Extraterrestrial Radiation)...
2026-02-18 19:23:19 | Ra climatology statistics:
2026-02-18 19:23:19 |   Month  1: min=5.39, max=7.28, mean=6.33 MJ/m²/day
2026-02-18 19:23:19 |   Month  2: min=10.66, max=12.68, mean=11.67 MJ/m²/day
2026-02-18 19:23:19 |   Month  3: min=19.12, max=20.97, mean=20.05 MJ/m²/day
2026-02-18 19:23:19 |   Month  4: min=29.14, max=30.45, mean=29.80 MJ/m²/day
2026-02-18 19:23:19 |   Month  5: min=37.40, max=38.01, mean=37.71 MJ/m²/day
2026-02-18 19:23:19 |   Month  6: min=41.40, max=41.58, mean=41.49 MJ/m²/day
2026-02-18 19:23:19 |   Month  7: min=39.56, max=39.93, mean=39.75 MJ/m²/day
2026-02-18 19:23:19 |   Month  8: min=32.50, max=33.51, mean=33.01 MJ/m²/day
2026-02-18 19:23:19 |   Month  9: min=22.54, max=24.20, mean=23.38 MJ/m²/day
2026-02-18 19:23:19 |   Month 10: min=13.13, max=15.12, mean=14.13 MJ/m²/day
2026-02-18 19:23:19 |   Month 11: min=6.50, max=8.43, mean=7.46 MJ/m²/day
2026-02-18 19:23:19 |   Month 12: min=4.04, max=5.84, mean=4.93 MJ/m²/day
2026-02-18 19:23:19 | Ra stack generated.
2026-02-18 19:23:19 | Executing vectorized Penman-Monteith calculation...
2026-02-18 19:23:19 | ... Temperature and Pressure
2026-02-18 19:23:20 | Temperature range: -34.01 to 20.17 °C (mean: 0.84)
2026-02-18 19:23:20 | ... Vapor Pressure
2026-02-18 19:23:21 | VPD range: 0.011 to 1.379 kPa (mean: 0.236)
2026-02-18 19:23:21 | ... Wind Speed
2026-02-18 19:23:22 | Wind speed (2m) range: 0.00 to 2.06 m/s (mean: 0.54)
2026-02-18 19:23:22 | ... Net Radiation
2026-02-18 19:23:22 | ... Converting SSRD from J/m²/month to MJ/m²/day
2026-02-18 19:23:22 |   WARNING: ERA5-Land SSRD is monthly accumulated, not daily average
2026-02-18 19:23:22 |   Applying conversion: (J/m²/month) / 1e6 / days_in_month
2026-02-18 19:28:23 | SSRD conversion check:
2026-02-18 19:28:23 |   Rs range: 0.01 to 0.91 MJ/m²/day (mean: 0.39)
2026-02-18 19:28:23 |   ⚠️ WARNING: Rs annual mean outside expected range (8-20 MJ/m²/day)!
2026-02-18 19:28:23 |   January Rs: 0.12, July Rs: 0.69 MJ/m²/day
2026-02-18 19:28:23 |     ⚠️ January Rs outside expected 2-8 range
2026-02-18 19:28:23 |     ⚠️ July Rs outside expected 18-35 range
2026-02-18 19:28:23 | Rs range: 0.01 to 0.91 MJ/m²/day (mean: 0.39)
2026-02-18 19:28:23 | Rn range (before constraint): -0.35 to 0.33 MJ/m²/day (mean: -0.06)
2026-02-18 19:28:23 | Layers with negative Rn pixels: 612 of 912
2026-02-18 19:28:23 | ... Soil Heat Flux (G)
2026-02-18 19:28:24 |   ✓ G reset to 0 for January 1950
2026-02-18 19:28:24 | G range: -2.66 to 3.34 MJ/m²/day (mean: 0.00)
2026-02-18 19:28:24 | ... Final ET0 calculation
2026-02-18 19:28:24 | === NEGATIVE ET0 DIAGNOSTIC ===
2026-02-18 19:28:24 |   Layer 1 (t2m_valid_time=-631152000): 5.2% pixels negative
2026-02-18 19:28:24 |   Layer 2 (t2m_valid_time=-628473600): 100.0% pixels negative
2026-02-18 19:28:24 |   Layer 3 (t2m_valid_time=-626054400): 31.7% pixels negative
2026-02-18 19:28:24 |   Layer 4 (t2m_valid_time=-623376000): 14.6% pixels negative
2026-02-18 19:28:24 |   Layer 5 (t2m_valid_time=-620784000): 0.0% pixels negative
2026-02-18 19:28:24 |   Layer 6 (t2m_valid_time=-618105600): 9.1% pixels negative
2026-02-18 19:28:24 |   Layer 7 (t2m_valid_time=-615513600): 0.0% pixels negative
2026-02-18 19:28:24 |   Layer 8 (t2m_valid_time=-612835200): 0.0% pixels negative
2026-02-18 19:28:24 |   Layer 9 (t2m_valid_time=-610156800): 0.0% pixels negative
2026-02-18 19:28:24 |   Layer 10 (t2m_valid_time=-607564800): 0.0% pixels negative
2026-02-18 19:28:24 |   Layer 11 (t2m_valid_time=-604886400): 0.0% pixels negative
2026-02-18 19:28:24 |   Layer 12 (t2m_valid_time=-602294400): 57.7% pixels negative
2026-02-18 19:28:24 | Layers with >5% negative pixels: 296 of 912
2026-02-18 19:28:24 | WARNING: >10% of layers have significant negative values - check calculation!
2026-02-18 19:28:25 | Final ET0 range: 0.000 to 1.375 mm/day (mean: 0.180)
2026-02-18 19:28:25 | Calculation complete. Generating statistics and writing files...
2026-02-18 19:28:25 | Writing NetCDF...
2026-02-18 19:28:25 | Calculating calendar month climatology...
2026-02-18 19:28:25 | Generating diagnostic plots...
2026-02-18 19:28:25 | ... Time series plot
2026-02-18 19:28:25 | ... Seasonal cycle
2026-02-18 19:28:25 | ... Range validation
2026-02-18 19:28:25 | All PET values within expected range (0-8 mm/day)
2026-02-18 19:28:25 | ... Monthly climatology comparison
2026-02-18 19:28:25 | ... Inter-annual variability
2026-02-18 19:28:26 | ... Calculating Sen's slope
2026-02-18 19:28:26 | Sen's slope: 0.000332 mm/day/year (MK p=0.015)
2026-02-18 19:28:26 | ... Sample monthly maps
2026-02-18 19:28:26 | ... PET distribution histogram
2026-02-18 19:28:26 | ... Quality control summary
2026-02-18 19:28:26 | Main diagnostic PDF closed and saved.
2026-02-18 19:28:26 | Diagnostics complete. Check 'diagnostics/' folder.
2026-02-18 19:28:26 | Main diagnostic PDF: diagnostics/PET_diagnostics.pdf
2026-02-18 19:28:26 | ==========================================
2026-02-18 19:28:26 | Total months processed: 912
2026-02-18 19:28:26 | Overall mean PET: 0.18 mm/day
2026-02-18 19:28:26 | Months with >5% negative pixels: 296
2026-02-18 19:28:26 | PROCESSING COMPLETE
2026-02-18 19:28:26 | Processing finished: 2026-02-18 19:28:26.515837
