Comprehensive Trend Analysis - FINAL VERSION
Literature-Based Tie Corrections Implemented
Analysis started: 2026-02-09 17:02:35.123189 
==========================================
2026-02-09 17:02:35 | Using 7 cores for parallel processing
2026-02-09 17:02:35 | Loading precipitation and PET data...
2026-02-09 17:02:36 | Extracting time dimension...
2026-02-09 17:02:36 | Time extracted using terra::time()
2026-02-09 17:02:36 | Generated 912 monthly dates starting from 1980
2026-02-09 17:02:36 | Processing 76 years from 1980 to 2055
2026-02-09 17:02:36 | Grid dimensions: 47 x 43 = 2021 cells
2026-02-09 17:02:36 | Converting units from m to mm...
2026-02-09 17:02:36 | Pre-processing PET: replacing zeros with 0.01 mm...
2026-02-09 17:02:36 |   Replaced 35850 zeros ( 1.95 % of data)
2026-02-09 17:02:36 | Reshaping data for vectorized processing...
2026-02-09 17:02:36 | Data reshaped to 912 x 2021 matrix
2026-02-09 17:02:36 | Processing Precipitation with literature-based methods...
2026-02-09 17:02:36 |   Aggregating to annual sum ...
2026-02-09 17:02:36 |   Running VC Mann-Kendall with Kendall tau-b variance adjustment...
2026-02-09 17:03:12 |   Running TFPW Mann-Kendall with Kendall tau-b variance adjustment...
2026-02-09 17:03:43 |   Running spectral analysis...
2026-02-09 17:04:24 |   Processing monthly data (12 calendar months)...
2026-02-09 17:04:24 |     Processing month 1 ...
2026-02-09 17:06:01 |     Processing month 2 ...
2026-02-09 17:07:40 |     Processing month 3 ...
2026-02-09 17:09:17 |     Processing month 4 ...
2026-02-09 17:10:54 |     Processing month 5 ...
2026-02-09 17:12:30 |     Processing month 6 ...
2026-02-09 17:14:07 |     Processing month 7 ...
2026-02-09 17:15:43 |     Processing month 8 ...
2026-02-09 17:17:19 |     Processing month 9 ...
2026-02-09 17:18:57 |     Processing month 10 ...
2026-02-09 17:20:33 |     Processing month 11 ...
2026-02-09 17:22:10 |     Processing month 12 ...
2026-02-09 17:23:47 | Precipitation results saved: trend_analysis_pr_pet/precipitation_final_results.csv
2026-02-09 17:23:47 | Processing PET with literature-based methods...
2026-02-09 17:23:47 |   Aggregating to annual mean ...
2026-02-09 17:23:47 |   Running VC Mann-Kendall with Kendall tau-b variance adjustment...
2026-02-09 17:24:19 |   Running TFPW Mann-Kendall with Kendall tau-b variance adjustment...
2026-02-09 17:24:50 |   Running spectral analysis...
2026-02-09 17:25:30 |   Processing monthly data (12 calendar months)...
2026-02-09 17:25:30 |     Processing month 1 ...
2026-02-09 17:27:06 |     Processing month 2 ...
2026-02-09 17:28:41 |     Processing month 3 ...
2026-02-09 17:30:16 |     Processing month 4 ...
2026-02-09 17:31:51 |     Processing month 5 ...
2026-02-09 17:33:26 |     Processing month 6 ...
2026-02-09 17:35:01 |     Processing month 7 ...
2026-02-09 17:36:37 |     Processing month 8 ...
2026-02-09 17:38:12 |     Processing month 9 ...
2026-02-09 17:39:47 |     Processing month 10 ...
2026-02-09 17:41:22 |     Processing month 11 ...
2026-02-09 17:42:57 |     Processing month 12 ...
2026-02-09 17:44:32 | PET results saved: trend_analysis_pr_pet/pet_final_results.csv
2026-02-09 17:44:32 | Combined results saved: trend_analysis_pr_pet/combined_final_results.csv
2026-02-09 17:44:32 | Creating comprehensive summary statistics...
2026-02-09 17:44:32 | Summary statistics saved: trend_analysis_pr_pet/summary_statistics_final.csv
2026-02-09 17:44:32 | Creating spatial rasters...
2026-02-09 17:44:33 | Raster creation complete!
2026-02-09 17:44:33 | Creating PDF plots...
2026-02-09 17:44:35 | Precipitation PDF saved: trend_analysis_pr_pet/precip_final_maps.pdf
2026-02-09 17:44:37 | PET PDF saved: trend_analysis_pr_pet/pet_final_maps.pdf
2026-02-09 17:44:37 | ==========================================
2026-02-09 17:44:37 | COMPREHENSIVE ANALYSIS COMPLETE - FINAL VERSION
2026-02-09 17:44:37 | ==========================================
2026-02-09 17:44:37 | METHODS IMPLEMENTED:
2026-02-09 17:44:37 | 1. Kendall's tau-b variance adjustment for ties (Kendall 1945, 1976)
2026-02-09 17:44:37 | 2. Hamed-Rao variance correction for autocorrelation (1998)
2026-02-09 17:44:37 | 3. Trend-Free Pre-Whitening (Yue et al. 2002)
2026-02-09 17:44:37 | 4. Grid point filtering (>50% ties excluded)
2026-02-09 17:44:37 | 5. PET zero replacement (0 → 0.01 mm)
2026-02-09 17:44:37 | ==========================================
2026-02-09 17:44:37 | Files saved in: trend_analysis_pr_pet
2026-02-09 17:44:37 |   - Precipitation results: trend_analysis_pr_pet/precipitation_final_results.csv
2026-02-09 17:44:37 |   - PET results: trend_analysis_pr_pet/pet_final_results.csv
2026-02-09 17:44:37 |   - Combined results: trend_analysis_pr_pet/combined_final_results.csv
2026-02-09 17:44:37 |   - Summary statistics: trend_analysis_pr_pet/summary_statistics_final.csv
2026-02-09 17:44:37 | ==========================================
