Trend Analysis Data Processing - Started
Timestamp: 2026-02-13 18:27:55.160538 
==========================================
2026-02-13 18:27:55  Searching for Nechako Basin boundary shapefile...
2026-02-13 18:27:55  ✓ Loaded Nechako Basin boundary from: D:/Nechako_Drought/Nechako/Spatial/nechakoBound_dissolve.shp
2026-02-13 18:27:55    Basin area: 47234.32 km²
2026-02-13 18:27:55  Basin boundary saved for visualization script
2026-02-13 18:27:55  Using 7 cores for parallel processing
2026-02-13 18:27:55  Loading precipitation and PET data...
2026-02-13 18:27:55  ✓ Saved ORIGINAL raster template (full extent: 34 x 52 cells, res: 0.1 m)
2026-02-13 18:27:55  Reprojecting to BC Albers (EPSG:3005)...
2026-02-13 18:27:56  Clipping to Nechako Basin extent for processing...
2026-02-13 18:27:56  ✓ BASIN CLIPPING: 1804 bbox cells → 854 basin pixels (52.7% reduction)
2026-02-13 18:27:56  Extracting time dimension...
2026-02-13 18:27:56  Time extracted using terra::time()
2026-02-13 18:27:56  Generated 912 monthly dates from 1980
2026-02-13 18:27:56  Computing basin-averaged monthly time series...
2026-02-13 18:27:56    Basin-averaged monthly Pr: 912 values, range: 0.0 to 0.0 mm/month
2026-02-13 18:27:56    Basin-averaged monthly PET: 912 values, range: 0.0 to 4.1 mm/month
2026-02-13 18:27:56  Aggregating basin averages to annual...
2026-02-13 18:27:56    Basin-averaged annual Pr: 76 values, range: 0.0 to 0.0 mm/year
2026-02-13 18:27:56    Basin-averaged annual PET: 76 values, range: 0.8 to 1.5 mm/year
2026-02-13 18:27:56  Replacing PET zeros with 0.01 mm...
2026-02-13 18:27:57    Replaced 13271 zeros ( 1.7 %)
2026-02-13 18:27:57  Reshaping data for processing...
2026-02-13 18:27:57  Data reshaped to 912 × 854 matrix
2026-02-13 18:27:57  Processing basin-averaged time series through trend tests...
2026-02-13 18:27:58  === STARTING PRECIPITATION ANALYSIS ===
2026-02-13 18:27:58  Processing Precipitation ...
2026-02-13 18:27:58    Aggregating to annual sum ...
2026-02-13 18:27:58    Running VC + TFPW MK + Spectral (annual, parallel)...
2026-02-13 18:28:10    Processing monthly data (12 calendar months, parallel)...
2026-02-13 18:30:31  === STARTING PET ANALYSIS ===
2026-02-13 18:30:31  Processing PET ...
2026-02-13 18:30:31    Aggregating to annual mean ...
2026-02-13 18:30:31    Running VC + TFPW MK + Spectral (annual, parallel)...
2026-02-13 18:30:42    Processing monthly data (12 calendar months, parallel)...
2026-02-13 18:33:02  Combining pixel-level and basin-averaged results...
2026-02-13 18:33:02  Saving results in RDS format (base R, no external packages)...
2026-02-13 18:33:03  ==========================================
2026-02-13 18:33:03  DATA PROCESSING COMPLETE
2026-02-13 18:33:03  ==========================================
2026-02-13 18:33:03  Results saved to: trend_analysis_pr_pet
2026-02-13 18:33:03   - all_results.rds (compressed base R format)
2026-02-13 18:33:03   - analysis_metadata.rds (includes basin-averaged time series)
2026-02-13 18:33:03   - summary_statistics.csv (quick overview)
2026-02-13 18:33:03   - original_template.rds (FULL raster extent for proper outputs)
2026-02-13 18:33:03   - basin_boundary.rds (for mapping)
2026-02-13 18:33:03  ==========================================
